2021-11-06 22:30:15.720  INFO 5660 --- [main] tn.esprit.spring.services.EmployeTest    : Starting EmployeTest on DESKTOP-C1T5R1D with PID 5660 (started by mahmoud in C:\Work\workspace-sts\timeSheet_DevOps_Rebirth)
2021-11-06 22:30:15.737  INFO 5660 --- [main] tn.esprit.spring.services.EmployeTest    : No active profile set, falling back to default profiles: default
2021-11-06 22:30:19.127  INFO 5660 --- [main] .s.d.r.c.RepositoryConfigurationDelegate : Bootstrapping Spring Data repositories in DEFAULT mode.
2021-11-06 22:30:19.318  INFO 5660 --- [main] .s.d.r.c.RepositoryConfigurationDelegate : Finished Spring Data repository scanning in 168ms. Found 6 repository interfaces.
2021-11-06 22:30:20.716  INFO 5660 --- [main] trationDelegate$BeanPostProcessorChecker : Bean 'org.springframework.transaction.annotation.ProxyTransactionManagementConfiguration' of type [org.springframework.transaction.annotation.ProxyTransactionManagementConfiguration$$EnhancerBySpringCGLIB$$986549f5] is not eligible for getting processed by all BeanPostProcessors (for example: not eligible for auto-proxying)
2021-11-06 22:30:21.949  INFO 5660 --- [main] com.zaxxer.hikari.HikariDataSource       : HikariPool-1 - Starting...
2021-11-06 22:30:22.472  INFO 5660 --- [main] com.zaxxer.hikari.HikariDataSource       : HikariPool-1 - Start completed.
2021-11-06 22:30:22.772  INFO 5660 --- [main] o.hibernate.jpa.internal.util.LogHelper  : HHH000204: Processing PersistenceUnitInfo [
	name: default
	...]
2021-11-06 22:30:23.098  INFO 5660 --- [main] org.hibernate.Version                    : HHH000412: Hibernate Core {5.3.9.Final}
2021-11-06 22:30:23.102  INFO 5660 --- [main] org.hibernate.cfg.Environment            : HHH000206: hibernate.properties not found
2021-11-06 22:30:24.001  INFO 5660 --- [main] o.hibernate.annotations.common.Version   : HCANN000001: Hibernate Commons Annotations {5.0.4.Final}
2021-11-06 22:30:24.954  INFO 5660 --- [main] org.hibernate.dialect.Dialect            : HHH000400: Using dialect: org.hibernate.dialect.MySQL5Dialect
2021-11-06 22:30:28.757  INFO 5660 --- [main] j.LocalContainerEntityManagerFactoryBean : Initialized JPA EntityManagerFactory for persistence unit 'default'
2021-11-06 22:30:30.764  INFO 5660 --- [main] o.h.h.i.QueryTranslatorFactoryInitiator  : HHH000397: Using ASTQueryTranslatorFactory
2021-11-06 22:30:35.070  INFO 5660 --- [main] o.s.s.concurrent.ThreadPoolTaskExecutor  : Initializing ExecutorService 'applicationTaskExecutor'
2021-11-06 22:30:35.455  WARN 5660 --- [main] aWebConfiguration$JpaWebMvcConfiguration : spring.jpa.open-in-view is enabled by default. Therefore, database queries may be performed during view rendering. Explicitly configure spring.jpa.open-in-view to disable this warning
2021-11-06 22:30:36.864  INFO 5660 --- [main] tn.esprit.spring.services.EmployeTest    : Started EmployeTest in 22.381 seconds (JVM running for 25.224)
2021-11-06 22:30:43.109  INFO 5660 --- [Thread-3] o.s.s.concurrent.ThreadPoolTaskExecutor  : Shutting down ExecutorService 'applicationTaskExecutor'
2021-11-06 22:30:43.115  INFO 5660 --- [Thread-3] j.LocalContainerEntityManagerFactoryBean : Closing JPA EntityManagerFactory for persistence unit 'default'
2021-11-06 22:30:43.121  INFO 5660 --- [Thread-3] com.zaxxer.hikari.HikariDataSource       : HikariPool-1 - Shutdown initiated...
2021-11-06 22:30:43.145  INFO 5660 --- [Thread-3] com.zaxxer.hikari.HikariDataSource       : HikariPool-1 - Shutdown completed.
2021-11-06 23:10:24.206  INFO 16028 --- [main] tn.esprit.spring.services.EmployeTest    : Starting EmployeTest on DESKTOP-C1T5R1D with PID 16028 (started by mahmoud in C:\Work\workspace-sts\timeSheet_DevOps_Rebirth)
2021-11-06 23:10:24.255  INFO 16028 --- [main] tn.esprit.spring.services.EmployeTest    : No active profile set, falling back to default profiles: default
2021-11-06 23:10:26.846  INFO 16028 --- [main] .s.d.r.c.RepositoryConfigurationDelegate : Bootstrapping Spring Data repositories in DEFAULT mode.
2021-11-06 23:10:27.042  INFO 16028 --- [main] .s.d.r.c.RepositoryConfigurationDelegate : Finished Spring Data repository scanning in 169ms. Found 6 repository interfaces.
2021-11-06 23:10:28.136  INFO 16028 --- [main] trationDelegate$BeanPostProcessorChecker : Bean 'org.springframework.transaction.annotation.ProxyTransactionManagementConfiguration' of type [org.springframework.transaction.annotation.ProxyTransactionManagementConfiguration$$EnhancerBySpringCGLIB$$9fdb99c4] is not eligible for getting processed by all BeanPostProcessors (for example: not eligible for auto-proxying)
2021-11-06 23:10:29.063  INFO 16028 --- [main] com.zaxxer.hikari.HikariDataSource       : HikariPool-1 - Starting...
2021-11-06 23:10:29.485  INFO 16028 --- [main] com.zaxxer.hikari.HikariDataSource       : HikariPool-1 - Start completed.
2021-11-06 23:10:29.774  INFO 16028 --- [main] o.hibernate.jpa.internal.util.LogHelper  : HHH000204: Processing PersistenceUnitInfo [
	name: default
	...]
2021-11-06 23:10:30.168  INFO 16028 --- [main] org.hibernate.Version                    : HHH000412: Hibernate Core {5.3.9.Final}
2021-11-06 23:10:30.172  INFO 16028 --- [main] org.hibernate.cfg.Environment            : HHH000206: hibernate.properties not found
2021-11-06 23:10:30.956  INFO 16028 --- [main] o.hibernate.annotations.common.Version   : HCANN000001: Hibernate Commons Annotations {5.0.4.Final}
2021-11-06 23:10:31.863  INFO 16028 --- [main] org.hibernate.dialect.Dialect            : HHH000400: Using dialect: org.hibernate.dialect.MySQL5Dialect
2021-11-06 23:10:35.490  INFO 16028 --- [main] j.LocalContainerEntityManagerFactoryBean : Initialized JPA EntityManagerFactory for persistence unit 'default'
2021-11-06 23:10:36.699  INFO 16028 --- [main] o.h.h.i.QueryTranslatorFactoryInitiator  : HHH000397: Using ASTQueryTranslatorFactory
2021-11-06 23:10:39.782  INFO 16028 --- [main] o.s.s.concurrent.ThreadPoolTaskExecutor  : Initializing ExecutorService 'applicationTaskExecutor'
2021-11-06 23:10:39.951  WARN 16028 --- [main] aWebConfiguration$JpaWebMvcConfiguration : spring.jpa.open-in-view is enabled by default. Therefore, database queries may be performed during view rendering. Explicitly configure spring.jpa.open-in-view to disable this warning
2021-11-06 23:10:41.603  INFO 16028 --- [main] tn.esprit.spring.services.EmployeTest    : Started EmployeTest in 18.25 seconds (JVM running for 20.245)
2021-11-06 23:10:46.420  INFO 16028 --- [Thread-3] o.s.s.concurrent.ThreadPoolTaskExecutor  : Shutting down ExecutorService 'applicationTaskExecutor'
2021-11-06 23:10:46.432  INFO 16028 --- [Thread-3] j.LocalContainerEntityManagerFactoryBean : Closing JPA EntityManagerFactory for persistence unit 'default'
2021-11-06 23:10:46.437  INFO 16028 --- [Thread-3] com.zaxxer.hikari.HikariDataSource       : HikariPool-1 - Shutdown initiated...
2021-11-06 23:10:46.456  INFO 16028 --- [Thread-3] com.zaxxer.hikari.HikariDataSource       : HikariPool-1 - Shutdown completed.
2021-11-06 23:15:41.541  INFO 15612 --- [main] tn.esprit.spring.services.EmployeTest    : Starting EmployeTest on DESKTOP-C1T5R1D with PID 15612 (started by mahmoud in C:\Work\workspace-sts\timeSheet_DevOps_Rebirth)
2021-11-06 23:15:41.544  INFO 15612 --- [main] tn.esprit.spring.services.EmployeTest    : No active profile set, falling back to default profiles: default
2021-11-06 23:15:44.792  INFO 15612 --- [main] .s.d.r.c.RepositoryConfigurationDelegate : Bootstrapping Spring Data repositories in DEFAULT mode.
2021-11-06 23:15:45.354  INFO 15612 --- [main] .s.d.r.c.RepositoryConfigurationDelegate : Finished Spring Data repository scanning in 512ms. Found 6 repository interfaces.
2021-11-06 23:15:46.889  INFO 15612 --- [main] trationDelegate$BeanPostProcessorChecker : Bean 'org.springframework.transaction.annotation.ProxyTransactionManagementConfiguration' of type [org.springframework.transaction.annotation.ProxyTransactionManagementConfiguration$$EnhancerBySpringCGLIB$$697ab093] is not eligible for getting processed by all BeanPostProcessors (for example: not eligible for auto-proxying)
2021-11-06 23:15:47.968  INFO 15612 --- [main] com.zaxxer.hikari.HikariDataSource       : HikariPool-1 - Starting...
2021-11-06 23:15:48.661  INFO 15612 --- [main] com.zaxxer.hikari.HikariDataSource       : HikariPool-1 - Start completed.
2021-11-06 23:15:48.836  INFO 15612 --- [main] o.hibernate.jpa.internal.util.LogHelper  : HHH000204: Processing PersistenceUnitInfo [
	name: default
	...]
2021-11-06 23:15:49.023  INFO 15612 --- [main] org.hibernate.Version                    : HHH000412: Hibernate Core {5.3.9.Final}
2021-11-06 23:15:49.038  INFO 15612 --- [main] org.hibernate.cfg.Environment            : HHH000206: hibernate.properties not found
2021-11-06 23:15:49.352  INFO 15612 --- [main] o.hibernate.annotations.common.Version   : HCANN000001: Hibernate Commons Annotations {5.0.4.Final}
2021-11-06 23:15:50.334  INFO 15612 --- [main] org.hibernate.dialect.Dialect            : HHH000400: Using dialect: org.hibernate.dialect.MySQL5Dialect
2021-11-06 23:15:54.799  INFO 15612 --- [main] j.LocalContainerEntityManagerFactoryBean : Initialized JPA EntityManagerFactory for persistence unit 'default'
2021-11-06 23:15:56.120  INFO 15612 --- [main] o.h.h.i.QueryTranslatorFactoryInitiator  : HHH000397: Using ASTQueryTranslatorFactory
2021-11-06 23:16:00.066  INFO 15612 --- [main] o.s.s.concurrent.ThreadPoolTaskExecutor  : Initializing ExecutorService 'applicationTaskExecutor'
2021-11-06 23:16:00.376  WARN 15612 --- [main] aWebConfiguration$JpaWebMvcConfiguration : spring.jpa.open-in-view is enabled by default. Therefore, database queries may be performed during view rendering. Explicitly configure spring.jpa.open-in-view to disable this warning
2021-11-06 23:16:01.774  INFO 15612 --- [main] tn.esprit.spring.services.EmployeTest    : Started EmployeTest in 21.242 seconds (JVM running for 23.708)
2021-11-06 23:16:05.513  INFO 15612 --- [Thread-3] o.s.s.concurrent.ThreadPoolTaskExecutor  : Shutting down ExecutorService 'applicationTaskExecutor'
2021-11-06 23:16:05.517  INFO 15612 --- [Thread-3] j.LocalContainerEntityManagerFactoryBean : Closing JPA EntityManagerFactory for persistence unit 'default'
2021-11-06 23:16:05.525  INFO 15612 --- [Thread-3] com.zaxxer.hikari.HikariDataSource       : HikariPool-1 - Shutdown initiated...
2021-11-06 23:16:05.551  INFO 15612 --- [Thread-3] com.zaxxer.hikari.HikariDataSource       : HikariPool-1 - Shutdown completed.
2021-11-06 23:16:55.689  INFO 10236 --- [main] tn.esprit.spring.services.EmployeTest    : Starting EmployeTest on DESKTOP-C1T5R1D with PID 10236 (started by mahmoud in C:\Work\workspace-sts\timeSheet_DevOps_Rebirth)
2021-11-06 23:16:55.695  INFO 10236 --- [main] tn.esprit.spring.services.EmployeTest    : No active profile set, falling back to default profiles: default
2021-11-06 23:16:57.988  INFO 10236 --- [main] .s.d.r.c.RepositoryConfigurationDelegate : Bootstrapping Spring Data repositories in DEFAULT mode.
2021-11-06 23:16:58.185  INFO 10236 --- [main] .s.d.r.c.RepositoryConfigurationDelegate : Finished Spring Data repository scanning in 179ms. Found 6 repository interfaces.
2021-11-06 23:16:59.345  INFO 10236 --- [main] trationDelegate$BeanPostProcessorChecker : Bean 'org.springframework.transaction.annotation.ProxyTransactionManagementConfiguration' of type [org.springframework.transaction.annotation.ProxyTransactionManagementConfiguration$$EnhancerBySpringCGLIB$$e1289cc3] is not eligible for getting processed by all BeanPostProcessors (for example: not eligible for auto-proxying)
2021-11-06 23:17:00.434  INFO 10236 --- [main] com.zaxxer.hikari.HikariDataSource       : HikariPool-1 - Starting...
2021-11-06 23:17:00.866  INFO 10236 --- [main] com.zaxxer.hikari.HikariDataSource       : HikariPool-1 - Start completed.
2021-11-06 23:17:01.008  INFO 10236 --- [main] o.hibernate.jpa.internal.util.LogHelper  : HHH000204: Processing PersistenceUnitInfo [
	name: default
	...]
2021-11-06 23:17:01.153  INFO 10236 --- [main] org.hibernate.Version                    : HHH000412: Hibernate Core {5.3.9.Final}
2021-11-06 23:17:01.157  INFO 10236 --- [main] org.hibernate.cfg.Environment            : HHH000206: hibernate.properties not found
2021-11-06 23:17:01.481  INFO 10236 --- [main] o.hibernate.annotations.common.Version   : HCANN000001: Hibernate Commons Annotations {5.0.4.Final}
2021-11-06 23:17:02.316  INFO 10236 --- [main] org.hibernate.dialect.Dialect            : HHH000400: Using dialect: org.hibernate.dialect.MySQL5Dialect
2021-11-06 23:17:05.100  INFO 10236 --- [main] j.LocalContainerEntityManagerFactoryBean : Initialized JPA EntityManagerFactory for persistence unit 'default'
2021-11-06 23:17:06.418  INFO 10236 --- [main] o.h.h.i.QueryTranslatorFactoryInitiator  : HHH000397: Using ASTQueryTranslatorFactory
2021-11-06 23:17:09.837  INFO 10236 --- [main] o.s.s.concurrent.ThreadPoolTaskExecutor  : Initializing ExecutorService 'applicationTaskExecutor'
2021-11-06 23:17:10.184  WARN 10236 --- [main] aWebConfiguration$JpaWebMvcConfiguration : spring.jpa.open-in-view is enabled by default. Therefore, database queries may be performed during view rendering. Explicitly configure spring.jpa.open-in-view to disable this warning
2021-11-06 23:17:11.318  INFO 10236 --- [main] tn.esprit.spring.services.EmployeTest    : Started EmployeTest in 16.631 seconds (JVM running for 18.923)
2021-11-06 23:17:15.365  INFO 10236 --- [Thread-3] o.s.s.concurrent.ThreadPoolTaskExecutor  : Shutting down ExecutorService 'applicationTaskExecutor'
2021-11-06 23:17:15.371  INFO 10236 --- [Thread-3] j.LocalContainerEntityManagerFactoryBean : Closing JPA EntityManagerFactory for persistence unit 'default'
2021-11-06 23:17:15.392  INFO 10236 --- [Thread-3] com.zaxxer.hikari.HikariDataSource       : HikariPool-1 - Shutdown initiated...
2021-11-06 23:17:15.419  INFO 10236 --- [Thread-3] com.zaxxer.hikari.HikariDataSource       : HikariPool-1 - Shutdown completed.
